<?xml version="1.0" encoding="UTF-8" standalone="no"?>
<testsuite failures="0" name="cucumber.runtime.formatter.JUnitFormatter" skipped="0" tests="3" time="0.146457">
<testcase classname="Hooks in cucumber" name="Add new customer" time="0.14448">
<system-out><![CDATA[Given user is add customer page.............................................passed
When user fills the customer details........................................passed
Then customer is added......................................................passed
]]></system-out>
</testcase>
<testcase classname="Hooks in cucumber" name="Edit customer" time="0.000922">
<system-out><![CDATA[Given user is edit customer page............................................passed
When user edit contact details..............................................passed
Then contact details updated................................................passed
]]></system-out>
</testcase>
<testcase classname="Hooks in cucumber" name="Delete customer" time="0.001055">
<system-out><![CDATA[Given user is on delete customer page.......................................passed
When user delete customer...................................................passed
Then cutomer deleted........................................................passed
]]></system-out>
</testcase>
</testsuite>
